1742469593.529953 client started (20236): version 3.5a, socket /tmp/tmux-1000/default, protocol 8
1742469593.529972 on Linux 6.12.16-gentoo-dist #1 SMP PREEMPT_DYNAMIC Fri Feb 21 16:00:51 -00 2025
1742469593.529982 using libevent 2.1.12-stable poll
1742469593.529988 using ncurses 6.4 20240414
1742469593.530005 flags are 0x18010000
1742469593.530010 socket is /tmp/tmux-1000/default
1742469593.530021 trying connect
1742469593.530039 connect failed: No such file or directory
1742469593.530049 lock file is /tmp/tmux-1000/default.lock
1742469593.530079 flock succeeded
1742469593.530084 got lock (6)
1742469593.530093 trying connect
1742469593.530103 connect failed: No such file or directory
1742469593.530299 add peer 0x5565324d3620: 7 ((nil))
1742469593.530626 sending message 111 to peer 0x5565324d3620 (8 bytes)
1742469593.530637 sending message 111 to peer 0x5565324d3620 (8 bytes)
1742469593.530643 sending message 101 to peer 0x5565324d3620 (15 bytes)
1742469593.530649 sending message 109 to peer 0x5565324d3620 (4 bytes)
1742469593.530654 sending message 102 to peer 0x5565324d3620 (11 bytes)
1742469593.530660 sending message 108 to peer 0x5565324d3620 (25 bytes)
1742469593.530666 sending message 112 to peer 0x5565324d3620 (58 bytes)
1742469593.530672 sending message 112 to peer 0x5565324d3620 (5 bytes)
1742469593.530678 sending message 112 to peer 0x5565324d3620 (5 bytes)
1742469593.530684 sending message 112 to peer 0x5565324d3620 (6 bytes)
1742469593.530689 sending message 112 to peer 0x5565324d3620 (6 bytes)
1742469593.530695 sending message 112 to peer 0x5565324d3620 (11 bytes)
1742469593.530701 sending message 112 to peer 0x5565324d3620 (10 bytes)
1742469593.530707 sending message 112 to peer 0x5565324d3620 (13 bytes)
1742469593.530712 sending message 112 to peer 0x5565324d3620 (14 bytes)
1742469593.530718 sending message 112 to peer 0x5565324d3620 (19 bytes)
1742469593.530724 sending message 112 to peer 0x5565324d3620 (11 bytes)
1742469593.530729 sending message 112 to peer 0x5565324d3620 (10 bytes)
1742469593.530735 sending message 112 to peer 0x5565324d3620 (15 bytes)
1742469593.530741 sending message 112 to peer 0x5565324d3620 (21 bytes)
1742469593.530746 sending message 112 to peer 0x5565324d3620 (13 bytes)
1742469593.530752 sending message 112 to peer 0x5565324d3620 (7 bytes)
1742469593.530758 sending message 112 to peer 0x5565324d3620 (13 bytes)
1742469593.530763 sending message 112 to peer 0x5565324d3620 (7 bytes)
1742469593.530769 sending message 112 to peer 0x5565324d3620 (13 bytes)
1742469593.530775 sending message 112 to peer 0x5565324d3620 (9 bytes)
1742469593.530781 sending message 112 to peer 0x5565324d3620 (21 bytes)
1742469593.530786 sending message 112 to peer 0x5565324d3620 (13 bytes)
1742469593.530792 sending message 112 to peer 0x5565324d3620 (9 bytes)
1742469593.530798 sending message 112 to peer 0x5565324d3620 (16 bytes)
1742469593.530804 sending message 112 to peer 0x5565324d3620 (13 bytes)
1742469593.530809 sending message 112 to peer 0x5565324d3620 (9 bytes)
1742469593.530815 sending message 112 to peer 0x5565324d3620 (9 bytes)
1742469593.530821 sending message 112 to peer 0x5565324d3620 (12 bytes)
1742469593.530826 sending message 112 to peer 0x5565324d3620 (8 bytes)
1742469593.530832 sending message 112 to peer 0x5565324d3620 (8 bytes)
1742469593.530838 sending message 112 to peer 0x5565324d3620 (13 bytes)
1742469593.530844 sending message 112 to peer 0x5565324d3620 (7 bytes)
1742469593.530849 sending message 112 to peer 0x5565324d3620 (7 bytes)
1742469593.530855 sending message 112 to peer 0x5565324d3620 (9 bytes)
1742469593.530861 sending message 112 to peer 0x5565324d3620 (9 bytes)
1742469593.530866 sending message 112 to peer 0x5565324d3620 (15 bytes)
1742469593.530872 sending message 112 to peer 0x5565324d3620 (13 bytes)
1742469593.530878 sending message 112 to peer 0x5565324d3620 (12 bytes)
1742469593.530883 sending message 112 to peer 0x5565324d3620 (8 bytes)
1742469593.530889 sending message 112 to peer 0x5565324d3620 (14 bytes)
1742469593.530895 sending message 112 to peer 0x5565324d3620 (11 bytes)
1742469593.530912 sending message 112 to peer 0x5565324d3620 (9 bytes)
1742469593.530919 sending message 112 to peer 0x5565324d3620 (10 bytes)
1742469593.530925 sending message 112 to peer 0x5565324d3620 (10 bytes)
1742469593.530931 sending message 112 to peer 0x5565324d3620 (10 bytes)
1742469593.530937 sending message 112 to peer 0x5565324d3620 (10 bytes)
1742469593.530942 sending message 112 to peer 0x5565324d3620 (11 bytes)
1742469593.530948 sending message 112 to peer 0x5565324d3620 (12 bytes)
1742469593.530954 sending message 112 to peer 0x5565324d3620 (12 bytes)
1742469593.530960 sending message 112 to peer 0x5565324d3620 (12 bytes)
1742469593.530975 sending message 112 to peer 0x5565324d3620 (12 bytes)
1742469593.530981 sending message 112 to peer 0x5565324d3620 (12 bytes)
1742469593.530986 sending message 112 to peer 0x5565324d3620 (11 bytes)
1742469593.530992 sending message 112 to peer 0x5565324d3620 (11 bytes)
1742469593.530998 sending message 112 to peer 0x5565324d3620 (12 bytes)
1742469593.531004 sending message 112 to peer 0x5565324d3620 (12 bytes)
1742469593.531010 sending message 112 to peer 0x5565324d3620 (12 bytes)
1742469593.531016 sending message 112 to peer 0x5565324d3620 (12 bytes)
1742469593.531022 sending message 112 to peer 0x5565324d3620 (12 bytes)
1742469593.531028 sending message 112 to peer 0x5565324d3620 (9 bytes)
1742469593.531033 sending message 112 to peer 0x5565324d3620 (12 bytes)
1742469593.531039 sending message 112 to peer 0x5565324d3620 (13 bytes)
1742469593.531045 sending message 112 to peer 0x5565324d3620 (13 bytes)
1742469593.531050 sending message 112 to peer 0x5565324d3620 (13 bytes)
1742469593.531056 sending message 112 to peer 0x5565324d3620 (13 bytes)
1742469593.531062 sending message 112 to peer 0x5565324d3620 (13 bytes)
1742469593.531068 sending message 112 to peer 0x5565324d3620 (8 bytes)
1742469593.531073 sending message 112 to peer 0x5565324d3620 (11 bytes)
1742469593.531079 sending message 112 to peer 0x5565324d3620 (11 bytes)
1742469593.531085 sending message 112 to peer 0x5565324d3620 (11 bytes)
1742469593.531091 sending message 112 to peer 0x5565324d3620 (12 bytes)
1742469593.531096 sending message 112 to peer 0x5565324d3620 (12 bytes)
1742469593.531102 sending message 112 to peer 0x5565324d3620 (12 bytes)
1742469593.531108 sending message 112 to peer 0x5565324d3620 (12 bytes)
1742469593.531113 sending message 112 to peer 0x5565324d3620 (13 bytes)
1742469593.531119 sending message 112 to peer 0x5565324d3620 (13 bytes)
1742469593.531125 sending message 112 to peer 0x5565324d3620 (13 bytes)
1742469593.531131 sending message 112 to peer 0x5565324d3620 (8 bytes)
1742469593.531136 sending message 112 to peer 0x5565324d3620 (13 bytes)
1742469593.531142 sending message 112 to peer 0x5565324d3620 (13 bytes)
1742469593.531148 sending message 112 to peer 0x5565324d3620 (13 bytes)
1742469593.531154 sending message 112 to peer 0x5565324d3620 (13 bytes)
1742469593.531159 sending message 112 to peer 0x5565324d3620 (13 bytes)
1742469593.531165 sending message 112 to peer 0x5565324d3620 (12 bytes)
1742469593.531171 sending message 112 to peer 0x5565324d3620 (12 bytes)
1742469593.531177 sending message 112 to peer 0x5565324d3620 (12 bytes)
1742469593.531182 sending message 112 to peer 0x5565324d3620 (12 bytes)
1742469593.531188 sending message 112 to peer 0x5565324d3620 (13 bytes)
1742469593.531194 sending message 112 to peer 0x5565324d3620 (8 bytes)
1742469593.531200 sending message 112 to peer 0x5565324d3620 (13 bytes)
1742469593.531205 sending message 112 to peer 0x5565324d3620 (13 bytes)
1742469593.531211 sending message 112 to peer 0x5565324d3620 (13 bytes)
1742469593.531217 sending message 112 to peer 0x5565324d3620 (13 bytes)
1742469593.531222 sending message 112 to peer 0x5565324d3620 (13 bytes)
1742469593.531228 sending message 112 to peer 0x5565324d3620 (13 bytes)
1742469593.531234 sending message 112 to peer 0x5565324d3620 (13 bytes)
1742469593.531240 sending message 112 to peer 0x5565324d3620 (12 bytes)
1742469593.531245 sending message 112 to peer 0x5565324d3620 (12 bytes)
1742469593.531259 sending message 112 to peer 0x5565324d3620 (12 bytes)
1742469593.531265 sending message 112 to peer 0x5565324d3620 (8 bytes)
1742469593.531271 sending message 112 to peer 0x5565324d3620 (12 bytes)
1742469593.531276 sending message 112 to peer 0x5565324d3620 (13 bytes)
1742469593.531282 sending message 112 to peer 0x5565324d3620 (13 bytes)
1742469593.531288 sending message 112 to peer 0x5565324d3620 (13 bytes)
1742469593.531294 sending message 112 to peer 0x5565324d3620 (13 bytes)
1742469593.531299 sending message 112 to peer 0x5565324d3620 (13 bytes)
1742469593.531305 sending message 112 to peer 0x5565324d3620 (13 bytes)
1742469593.531311 sending message 112 to peer 0x5565324d3620 (13 bytes)
1742469593.531317 sending message 112 to peer 0x5565324d3620 (13 bytes)
1742469593.531322 sending message 112 to peer 0x5565324d3620 (12 bytes)
1742469593.531328 sending message 112 to peer 0x5565324d3620 (10 bytes)
1742469593.531334 sending message 112 to peer 0x5565324d3620 (12 bytes)
1742469593.531340 sending message 112 to peer 0x5565324d3620 (12 bytes)
1742469593.531345 sending message 112 to peer 0x5565324d3620 (12 bytes)
1742469593.531351 sending message 112 to peer 0x5565324d3620 (13 bytes)
1742469593.531357 sending message 112 to peer 0x5565324d3620 (13 bytes)
1742469593.531362 sending message 112 to peer 0x5565324d3620 (13 bytes)
1742469593.531368 sending message 112 to peer 0x5565324d3620 (13 bytes)
1742469593.531374 sending message 112 to peer 0x5565324d3620 (13 bytes)
1742469593.531380 sending message 112 to peer 0x5565324d3620 (13 bytes)
1742469593.531385 sending message 112 to peer 0x5565324d3620 (13 bytes)
1742469593.531391 sending message 112 to peer 0x5565324d3620 (10 bytes)
1742469593.531397 sending message 112 to peer 0x5565324d3620 (13 bytes)
1742469593.531403 sending message 112 to peer 0x5565324d3620 (12 bytes)
1742469593.531408 sending message 112 to peer 0x5565324d3620 (12 bytes)
1742469593.531414 sending message 112 to peer 0x5565324d3620 (12 bytes)
1742469593.531420 sending message 112 to peer 0x5565324d3620 (10 bytes)
1742469593.531426 sending message 112 to peer 0x5565324d3620 (10 bytes)
1742469593.531431 sending message 112 to peer 0x5565324d3620 (10 bytes)
1742469593.531437 sending message 112 to peer 0x5565324d3620 (12 bytes)
1742469593.531443 sending message 112 to peer 0x5565324d3620 (13 bytes)
1742469593.531449 sending message 112 to peer 0x5565324d3620 (13 bytes)
1742469593.531454 sending message 112 to peer 0x5565324d3620 (13 bytes)
1742469593.531460 sending message 112 to peer 0x5565324d3620 (13 bytes)
1742469593.531466 sending message 112 to peer 0x5565324d3620 (13 bytes)
1742469593.531471 sending message 112 to peer 0x5565324d3620 (10 bytes)
1742469593.531477 sending message 112 to peer 0x5565324d3620 (11 bytes)
1742469593.531483 sending message 112 to peer 0x5565324d3620 (12 bytes)
1742469593.531489 sending message 112 to peer 0x5565324d3620 (12 bytes)
1742469593.531494 sending message 112 to peer 0x5565324d3620 (12 bytes)
1742469593.531500 sending message 112 to peer 0x5565324d3620 (12 bytes)
1742469593.531506 sending message 112 to peer 0x5565324d3620 (12 bytes)
1742469593.531512 sending message 112 to peer 0x5565324d3620 (11 bytes)
1742469593.531517 sending message 112 to peer 0x5565324d3620 (12 bytes)
1742469593.531523 sending message 112 to peer 0x5565324d3620 (12 bytes)
1742469593.531529 sending message 112 to peer 0x5565324d3620 (13 bytes)
1742469593.531535 sending message 112 to peer 0x5565324d3620 (13 bytes)
1742469593.531540 sending message 112 to peer 0x5565324d3620 (13 bytes)
1742469593.531546 sending message 112 to peer 0x5565324d3620 (13 bytes)
1742469593.531552 sending message 112 to peer 0x5565324d3620 (13 bytes)
1742469593.531557 sending message 112 to peer 0x5565324d3620 (10 bytes)
1742469593.531563 sending message 112 to peer 0x5565324d3620 (9 bytes)
1742469593.531569 sending message 112 to peer 0x5565324d3620 (12 bytes)
1742469593.531575 sending message 112 to peer 0x5565324d3620 (13 bytes)
1742469593.531580 sending message 112 to peer 0x5565324d3620 (13 bytes)
1742469593.531592 sending message 112 to peer 0x5565324d3620 (13 bytes)
1742469593.531598 sending message 112 to peer 0x5565324d3620 (13 bytes)
1742469593.531604 sending message 112 to peer 0x5565324d3620 (13 bytes)
1742469593.531609 sending message 112 to peer 0x5565324d3620 (9 bytes)
1742469593.531615 sending message 112 to peer 0x5565324d3620 (12 bytes)
1742469593.531621 sending message 112 to peer 0x5565324d3620 (13 bytes)
1742469593.531627 sending message 112 to peer 0x5565324d3620 (13 bytes)
1742469593.531632 sending message 112 to peer 0x5565324d3620 (13 bytes)
1742469593.531638 sending message 112 to peer 0x5565324d3620 (13 bytes)
1742469593.531644 sending message 112 to peer 0x5565324d3620 (13 bytes)
1742469593.531650 sending message 112 to peer 0x5565324d3620 (11 bytes)
1742469593.531656 sending message 112 to peer 0x5565324d3620 (12 bytes)
1742469593.531662 sending message 112 to peer 0x5565324d3620 (13 bytes)
1742469593.531667 sending message 112 to peer 0x5565324d3620 (13 bytes)
1742469593.531673 sending message 112 to peer 0x5565324d3620 (13 bytes)
1742469593.531679 sending message 112 to peer 0x5565324d3620 (13 bytes)
1742469593.531685 sending message 112 to peer 0x5565324d3620 (13 bytes)
1742469593.531690 sending message 112 to peer 0x5565324d3620 (11 bytes)
1742469593.531696 sending message 112 to peer 0x5565324d3620 (12 bytes)
1742469593.531702 sending message 112 to peer 0x5565324d3620 (12 bytes)
1742469593.531708 sending message 112 to peer 0x5565324d3620 (12 bytes)
1742469593.531714 sending message 112 to peer 0x5565324d3620 (12 bytes)
1742469593.531720 sending message 112 to peer 0x5565324d3620 (12 bytes)
1742469593.531725 sending message 112 to peer 0x5565324d3620 (21 bytes)
1742469593.531731 sending message 112 to peer 0x5565324d3620 (12 bytes)
1742469593.531737 sending message 112 to peer 0x5565324d3620 (9 bytes)
1742469593.531743 sending message 112 to peer 0x5565324d3620 (6 bytes)
1742469593.531748 sending message 112 to peer 0x5565324d3620 (13 bytes)
1742469593.531754 sending message 112 to peer 0x5565324d3620 (10 bytes)
1742469593.531760 sending message 112 to peer 0x5565324d3620 (24 bytes)
1742469593.531766 sending message 112 to peer 0x5565324d3620 (13 bytes)
1742469593.531772 sending message 112 to peer 0x5565324d3620 (9 bytes)
1742469593.531778 sending message 112 to peer 0x5565324d3620 (70 bytes)
1742469593.531783 sending message 112 to peer 0x5565324d3620 (69 bytes)
1742469593.531789 sending message 112 to peer 0x5565324d3620 (12 bytes)
1742469593.531795 sending message 112 to peer 0x5565324d3620 (10 bytes)
1742469593.531801 sending message 112 to peer 0x5565324d3620 (10 bytes)
1742469593.531807 sending message 112 to peer 0x5565324d3620 (24 bytes)
1742469593.531812 sending message 112 to peer 0x5565324d3620 (13 bytes)
1742469593.531818 sending message 112 to peer 0x5565324d3620 (10 bytes)
1742469593.531824 sending message 112 to peer 0x5565324d3620 (10 bytes)
1742469593.531830 sending message 112 to peer 0x5565324d3620 (10 bytes)
1742469593.531836 sending message 112 to peer 0x5565324d3620 (13 bytes)
1742469593.531841 sending message 112 to peer 0x5565324d3620 (15 bytes)
1742469593.531847 sending message 112 to peer 0x5565324d3620 (5 bytes)
1742469593.531853 sending message 104 to peer 0x5565324d3620 (0 bytes)
1742469593.531860 sending message 110 to peer 0x5565324d3620 (0 bytes)
1742469593.531866 sending message 107 to peer 0x5565324d3620 (4 bytes)
1742469593.531872 sending message 105 to peer 0x5565324d3620 (19 bytes)
1742469593.531878 sending message 105 to peer 0x5565324d3620 (22 bytes)
1742469593.531883 sending message 105 to peer 0x5565324d3620 (25 bytes)
1742469593.531889 sending message 105 to peer 0x5565324d3620 (21 bytes)
1742469593.531895 sending message 105 to peer 0x5565324d3620 (58 bytes)
1742469593.531901 sending message 105 to peer 0x5565324d3620 (26 bytes)
1742469593.531907 sending message 105 to peer 0x5565324d3620 (30 bytes)
1742469593.531913 sending message 105 to peer 0x5565324d3620 (24 bytes)
1742469593.531919 sending message 105 to peer 0x5565324d3620 (20 bytes)
1742469593.531930 sending message 105 to peer 0x5565324d3620 (134 bytes)
1742469593.531936 sending message 105 to peer 0x5565324d3620 (38 bytes)
1742469593.531942 sending message 105 to peer 0x5565324d3620 (20 bytes)
1742469593.531948 sending message 105 to peer 0x5565324d3620 (27 bytes)
1742469593.531954 sending message 105 to peer 0x5565324d3620 (25 bytes)
1742469593.531959 sending message 105 to peer 0x5565324d3620 (25 bytes)
1742469593.531965 sending message 105 to peer 0x5565324d3620 (34 bytes)
1742469593.531971 sending message 105 to peer 0x5565324d3620 (64 bytes)
1742469593.531977 sending message 105 to peer 0x5565324d3620 (16 bytes)
1742469593.531983 sending message 105 to peer 0x5565324d3620 (12 bytes)
1742469593.531989 sending message 105 to peer 0x5565324d3620 (15 bytes)
1742469593.531995 sending message 105 to peer 0x5565324d3620 (29 bytes)
1742469593.532000 sending message 105 to peer 0x5565324d3620 (64 bytes)
1742469593.532006 sending message 105 to peer 0x5565324d3620 (29 bytes)
1742469593.532012 sending message 105 to peer 0x5565324d3620 (15 bytes)
1742469593.532018 sending message 105 to peer 0x5565324d3620 (27 bytes)
1742469593.532024 sending message 105 to peer 0x5565324d3620 (25 bytes)
1742469593.532029 sending message 105 to peer 0x5565324d3620 (272 bytes)
1742469593.532035 sending message 105 to peer 0x5565324d3620 (16 bytes)
1742469593.532041 sending message 105 to peer 0x5565324d3620 (15 bytes)
1742469593.532047 sending message 105 to peer 0x5565324d3620 (18 bytes)
1742469593.532053 sending message 105 to peer 0x5565324d3620 (17 bytes)
1742469593.532059 sending message 105 to peer 0x5565324d3620 (30 bytes)
1742469593.532065 sending message 105 to peer 0x5565324d3620 (29 bytes)
1742469593.532070 sending message 105 to peer 0x5565324d3620 (26 bytes)
1742469593.532076 sending message 105 to peer 0x5565324d3620 (52 bytes)
1742469593.532082 sending message 105 to peer 0x5565324d3620 (24 bytes)
1742469593.532088 sending message 105 to peer 0x5565324d3620 (218 bytes)
1742469593.532093 sending message 105 to peer 0x5565324d3620 (75 bytes)
1742469593.532099 sending message 105 to peer 0x5565324d3620 (19 bytes)
1742469593.532105 sending message 105 to peer 0x5565324d3620 (23 bytes)
1742469593.532111 sending message 105 to peer 0x5565324d3620 (22 bytes)
1742469593.532116 sending message 105 to peer 0x5565324d3620 (12 bytes)
1742469593.532122 sending message 105 to peer 0x5565324d3620 (91 bytes)
1742469593.532128 sending message 105 to peer 0x5565324d3620 (18 bytes)
1742469593.532134 sending message 105 to peer 0x5565324d3620 (39 bytes)
1742469593.532140 sending message 105 to peer 0x5565324d3620 (11 bytes)
1742469593.532146 sending message 105 to peer 0x5565324d3620 (8 bytes)
1742469593.532151 sending message 105 to peer 0x5565324d3620 (21 bytes)
1742469593.532157 sending message 105 to peer 0x5565324d3620 (20 bytes)
1742469593.532163 sending message 105 to peer 0x5565324d3620 (9 bytes)
1742469593.532169 sending message 105 to peer 0x5565324d3620 (9 bytes)
1742469593.532174 sending message 105 to peer 0x5565324d3620 (11 bytes)
1742469593.532180 sending message 105 to peer 0x5565324d3620 (17 bytes)
1742469593.532186 sending message 105 to peer 0x5565324d3620 (20 bytes)
1742469593.532202 sending message 105 to peer 0x5565324d3620 (31 bytes)
1742469593.532210 sending message 105 to peer 0x5565324d3620 (11 bytes)
1742469593.532216 sending message 105 to peer 0x5565324d3620 (24 bytes)
1742469593.532221 sending message 105 to peer 0x5565324d3620 (30 bytes)
1742469593.532227 sending message 105 to peer 0x5565324d3620 (32 bytes)
1742469593.532233 sending message 105 to peer 0x5565324d3620 (42 bytes)
1742469593.532239 sending message 105 to peer 0x5565324d3620 (24 bytes)
1742469593.532245 sending message 105 to peer 0x5565324d3620 (234 bytes)
1742469593.532250 sending message 105 to peer 0x5565324d3620 (33 bytes)
1742469593.532269 sending message 105 to peer 0x5565324d3620 (12 bytes)
1742469593.532275 sending message 105 to peer 0x5565324d3620 (94 bytes)
1742469593.532282 sending message 105 to peer 0x5565324d3620 (34 bytes)
1742469593.532300 sending message 105 to peer 0x5565324d3620 (22 bytes)
1742469593.532309 sending message 105 to peer 0x5565324d3620 (28 bytes)
1742469593.532317 sending message 105 to peer 0x5565324d3620 (18 bytes)
1742469593.532323 sending message 105 to peer 0x5565324d3620 (39 bytes)
1742469593.532329 sending message 105 to peer 0x5565324d3620 (18 bytes)
1742469593.532335 sending message 105 to peer 0x5565324d3620 (20 bytes)
1742469593.532340 sending message 105 to peer 0x5565324d3620 (20 bytes)
1742469593.532346 sending message 105 to peer 0x5565324d3620 (16 bytes)
1742469593.532352 sending message 105 to peer 0x5565324d3620 (60 bytes)
1742469593.532358 sending message 105 to peer 0x5565324d3620 (35 bytes)
1742469593.532364 sending message 105 to peer 0x5565324d3620 (40 bytes)
1742469593.532369 sending message 105 to peer 0x5565324d3620 (46 bytes)
1742469593.532375 sending message 105 to peer 0x5565324d3620 (28 bytes)
1742469593.532381 sending message 105 to peer 0x5565324d3620 (32 bytes)
1742469593.532387 sending message 105 to peer 0x5565324d3620 (2052 bytes)
1742469593.532394 sending message 105 to peer 0x5565324d3620 (33 bytes)
1742469593.532400 sending message 105 to peer 0x5565324d3620 (42 bytes)
1742469593.532405 sending message 105 to peer 0x5565324d3620 (266 bytes)
1742469593.532411 sending message 105 to peer 0x5565324d3620 (30 bytes)
1742469593.532417 sending message 105 to peer 0x5565324d3620 (8 bytes)
1742469593.532423 sending message 106 to peer 0x5565324d3620 (0 bytes)
1742469593.532480 sending message 200 to peer 0x5565324d3620 (4 bytes)
1742469593.532487 client loop enter
1742469593.532504 client_signal: Child exited
1742469594.001528 peer 0x5565324d3620 message 207
1742469594.001539 sending message 208 to peer 0x5565324d3620 (0 bytes)
1742469601.506830 peer 0x5565324d3620 message 210
1742469601.506846 sending message 205 to peer 0x5565324d3620 (0 bytes)
1742469601.507008 peer 0x5565324d3620 message 204
1742469601.507019 client loop exit
